0 info it worked if it ends with ok
1 verbose cli [ '/Users/vitor/.nvm/versions/node/v6.4.0/bin/node',
1 verbose cli   '/Users/vitor/.nvm/versions/node/v6.4.0/bin/npm',
1 verbose cli   'run',
1 verbose cli   'dev' ]
2 info using npm@3.10.3
3 info using node@v6.4.0
4 verbose run-script [ 'predev', 'dev', 'postdev' ]
5 info lifecycle vuex-filter-grid@1.0.0~predev: vuex-filter-grid@1.0.0
6 silly lifecycle vuex-filter-grid@1.0.0~predev: no script for predev, continuing
7 info lifecycle vuex-filter-grid@1.0.0~dev: vuex-filter-grid@1.0.0
8 verbose lifecycle vuex-filter-grid@1.0.0~dev: unsafe-perm in lifecycle true
9 verbose lifecycle vuex-filter-grid@1.0.0~dev: PATH: /Users/vitor/.nvm/versions/node/v6.4.0/lib/node_modules/npm/bin/node-gyp-bin:/Users/vitor/Sites/github/vuex-filter-grid/node_modules/.bin:/Users/vitor/.nvm/versions/node/v6.4.0/bin:/Users/vitor/.nvm/versions/node/v6.4.0/lib/node_modules/npm/bin/node-gyp-bin:/Users/vitor/Sites/github/vuex-filter-grid/node_modules/.bin:/Users/vitor/.nvm/versions/node/v6.4.0/bin:/Users/vitor/.composer/vendor/bin:/Users/vitor/Library/Python/3.4/bin:/Users/vitor/Sites/go-workspace/bin:/opt/webOS_TV_SDK/CLI/bin:/Users/vitor/.nvm/versions/node/v6.4.0/bin:/usr/local/php5-5.6.9-20150515-130841/bin:/usr/local/mysql/bin:/usr/local/bin:/usr/bin:/bin:/usr/sbin:/sbin:/opt/X11/bin:/usr/local/git/bin:/Applications/sdk/tools:/Applications/sdk/platform-tools:/Applications/sdk/build-tools/21.1.:2:/Users/vitor/Library/Android/sdk/platform-tools/
10 verbose lifecycle vuex-filter-grid@1.0.0~dev: CWD: /Users/vitor/Sites/github/vuex-filter-grid
11 silly lifecycle vuex-filter-grid@1.0.0~dev: Args: [ '-c', 'webpack-dev-server --inline --hot' ]
12 silly lifecycle vuex-filter-grid@1.0.0~dev: Returned: code: 1  signal: null
13 info lifecycle vuex-filter-grid@1.0.0~dev: Failed to exec dev script
14 verbose stack Error: vuex-filter-grid@1.0.0 dev: `webpack-dev-server --inline --hot`
14 verbose stack Exit status 1
14 verbose stack     at EventEmitter.<anonymous> (/Users/vitor/.nvm/versions/node/v6.4.0/lib/node_modules/npm/lib/utils/lifecycle.js:242:16)
14 verbose stack     at emitTwo (events.js:106:13)
14 verbose stack     at EventEmitter.emit (events.js:191:7)
14 verbose stack     at ChildProcess.<anonymous> (/Users/vitor/.nvm/versions/node/v6.4.0/lib/node_modules/npm/lib/utils/spawn.js:40:14)
14 verbose stack     at emitTwo (events.js:106:13)
14 verbose stack     at ChildProcess.emit (events.js:191:7)
14 verbose stack     at maybeClose (internal/child_process.js:852:16)
14 verbose stack     at Process.ChildProcess._handle.onexit (internal/child_process.js:215:5)
15 verbose pkgid vuex-filter-grid@1.0.0
16 verbose cwd /Users/vitor/Sites/github/vuex-filter-grid
17 error Darwin 15.6.0
18 error argv "/Users/vitor/.nvm/versions/node/v6.4.0/bin/node" "/Users/vitor/.nvm/versions/node/v6.4.0/bin/npm" "run" "dev"
19 error node v6.4.0
20 error npm  v3.10.3
21 error code ELIFECYCLE
22 error vuex-filter-grid@1.0.0 dev: `webpack-dev-server --inline --hot`
22 error Exit status 1
23 error Failed at the vuex-filter-grid@1.0.0 dev script 'webpack-dev-server --inline --hot'.
23 error Make sure you have the latest version of node.js and npm installed.
23 error If you do, this is most likely a problem with the vuex-filter-grid package,
23 error not with npm itself.
23 error Tell the author that this fails on your system:
23 error     webpack-dev-server --inline --hot
23 error You can get information on how to open an issue for this project with:
23 error     npm bugs vuex-filter-grid
23 error Or if that isn't available, you can get their info via:
23 error     npm owner ls vuex-filter-grid
23 error There is likely additional logging output above.
24 verbose exit [ 1, true ]
